d:\고급30기\02_wnp\sample\0904client실습\0904client실습\debug\vc120.pdb
d:\고급30기\02_wnp\sample\0904client실습\0904client실습\debug\vc120.idb
d:\고급30기\02_wnp\sample\0904client실습\0904client실습\debug\handler.obj
d:\고급30기\02_wnp\sample\0904client실습\0904client실습\debug\packet.obj
d:\고급30기\02_wnp\sample\0904client실습\0904client실습\debug\start.obj
d:\고급30기\02_wnp\sample\0904client실습\0904client실습\debug\ui.obj
d:\고급30기\02_wnp\sample\0904client실습\0904client실습\debug\wbclient.obj
d:\고급30기\02_wnp\sample\0904client실습\debug\0904client실습.ilk
d:\고급30기\02_wnp\sample\0904client실습\debug\0904client실습.exe
d:\고급30기\02_wnp\sample\0904client실습\debug\0904client실습.pdb
d:\고급30기\02_wnp\sample\0904client실습\0904client실습\debug\0904client실습.res
d:\고급30기\02_wnp\sample\0904client실습\0904client실습\debug\0904client실습.tlog\cl.command.1.tlog
d:\고급30기\02_wnp\sample\0904client실습\0904client실습\debug\0904client실습.tlog\cl.read.1.tlog
d:\고급30기\02_wnp\sample\0904client실습\0904client실습\debug\0904client실습.tlog\cl.write.1.tlog
d:\고급30기\02_wnp\sample\0904client실습\0904client실습\debug\0904client실습.tlog\link.command.1.tlog
d:\고급30기\02_wnp\sample\0904client실습\0904client실습\debug\0904client실습.tlog\link.read.1.tlog
d:\고급30기\02_wnp\sample\0904client실습\0904client실습\debug\0904client실습.tlog\link.write.1.tlog
d:\고급30기\02_wnp\sample\0904client실습\0904client실습\debug\0904client실습.tlog\rc.command.1.tlog
d:\고급30기\02_wnp\sample\0904client실습\0904client실습\debug\0904client실습.tlog\rc.read.1.tlog
d:\고급30기\02_wnp\sample\0904client실습\0904client실습\debug\0904client실습.tlog\rc.write.1.tlog
