  handler.cpp
C:\Users\USER\Desktop\0905 실습\0905 실습\handler.cpp(21,15): error C2065:  'ACK_DRAW': 선언되지 않은 식별자입니다.
C:\Users\USER\Desktop\0905 실습\0905 실습\handler.cpp(24,3): error C2065:  'DRAW': 선언되지 않은 식별자입니다.
C:\Users\USER\Desktop\0905 실습\0905 실습\handler.cpp(24,9): error C2065:  'packet': 선언되지 않은 식별자입니다.
C:\Users\USER\Desktop\0905 실습\0905 실습\handler.cpp(24,19): error C2065:  'DRAW': 선언되지 않은 식별자입니다.
C:\Users\USER\Desktop\0905 실습\0905 실습\handler.cpp(24,24): error C2059:  구문 오류: ')'
C:\Users\USER\Desktop\0905 실습\0905 실습\handler.cpp(26,16): error C2065:  'packet': 선언되지 않은 식별자입니다.
C:\Users\USER\Desktop\0905 실습\0905 실습\handler.cpp(26,31): error C2065:  'packet': 선언되지 않은 식별자입니다.
C:\Users\USER\Desktop\0905 실습\0905 실습\handler.cpp(26,41): error C2660:  'uipaint_Draw': 함수는 1개의 매개 변수를 사용하지 않습니다.
C:\Users\USER\Desktop\0905 실습\0905 실습\uipaint.h(14,6): message :  'uipaint_Draw' 선언을 참조하십시오.
C:\Users\USER\Desktop\0905 실습\0905 실습\handler.cpp(28,21): error C2065:  'packet': 선언되지 않은 식별자입니다.
C:\Users\USER\Desktop\0905 실습\0905 실습\handler.cpp(28,36): error C2065:  'packet': 선언되지 않은 식별자입니다.
C:\Users\USER\Desktop\0905 실습\0905 실습\handler.cpp(28,46): error C2660:  'uipaint_InfoPrint': 함수는 1개의 매개 변수를 사용하지 않습니다.
C:\Users\USER\Desktop\0905 실습\0905 실습\uipaint.h(15,6): message :  'uipaint_InfoPrint' 선언을 참조하십시오.
C:\Users\USER\Desktop\0905 실습\0905 실습\handler.cpp(33,25): error C2039:  'msg': 'tagMESSAGE'의 멤버가 아닙니다.
C:\Users\USER\Desktop\0905 실습\0905 실습\packet.h(15): message :  'tagMESSAGE' 선언을 참조하십시오.
C:\Users\USER\Desktop\0905 실습\0905 실습\handler.cpp(84,2): error C2065:  'DRAW': 선언되지 않은 식별자입니다.
C:\Users\USER\Desktop\0905 실습\0905 실습\handler.cpp(84,7): error C2146:  구문 오류: ';'이(가) 'pack' 식별자 앞에 없습니다.
C:\Users\USER\Desktop\0905 실습\0905 실습\handler.cpp(84,7): error C2065:  'pack': 선언되지 않은 식별자입니다.
C:\Users\USER\Desktop\0905 실습\0905 실습\handler.cpp(84,14): error C3861:  'packet_Draw': 식별자를 찾을 수 없습니다.
C:\Users\USER\Desktop\0905 실습\0905 실습\handler.cpp(87,36): error C2065:  'pack': 선언되지 않은 식별자입니다.
  uipaint.cpp
  코드를 생성하고 있습니다...
C:\Users\USER\Desktop\0905 실습\0905 실습\handler.cpp(87,49): error C2065:  'pack': 선언되지 않은 식별자입니다.
