d:\고급30기\02_wnp\sample\0903server\0903server\debug\vc120.pdb
d:\고급30기\02_wnp\sample\0903server\0903server\debug\vc120.idb
d:\고급30기\02_wnp\sample\0903server\0903server\debug\packet.nativecodeanalysis.xml
d:\고급30기\02_wnp\sample\0903server\0903server\debug\wbserver.nativecodeanalysis.xml
d:\고급30기\02_wnp\sample\0903server\0903server\debug\소스.nativecodeanalysis.xml
d:\고급30기\02_wnp\sample\0903server\0903server\debug\소스.obj
d:\고급30기\02_wnp\sample\0903server\0903server\debug\wbserver.obj
d:\고급30기\02_wnp\sample\0903server\0903server\debug\packet.obj
d:\고급30기\02_wnp\sample\0903server\debug\0903server.ilk
d:\고급30기\02_wnp\sample\0903server\debug\0903server.exe
d:\고급30기\02_wnp\sample\0903server\debug\0903server.pdb
d:\고급30기\02_wnp\sample\0903server\0903server\debug\nativecodeanalysis.read.1.tlog
d:\고급30기\02_wnp\sample\0903server\0903server\debug\vc.nativecodeanalysis.all.xml
d:\고급30기\02_wnp\sample\0903server\debug\0903server.exe.lastcodeanalysissucceeded
d:\고급30기\02_wnp\sample\0903server\0903server\debug\0903server.tlog\cl.command.1.tlog
d:\고급30기\02_wnp\sample\0903server\0903server\debug\0903server.tlog\cl.read.1.tlog
d:\고급30기\02_wnp\sample\0903server\0903server\debug\0903server.tlog\cl.write.1.tlog
d:\고급30기\02_wnp\sample\0903server\0903server\debug\0903server.tlog\link.command.1.tlog
d:\고급30기\02_wnp\sample\0903server\0903server\debug\0903server.tlog\link.read.1.tlog
d:\고급30기\02_wnp\sample\0903server\0903server\debug\0903server.tlog\link.write.1.tlog
