빌드 시작: 2019-09-16 오전 9:32:17
     1>2 노드의 "D:\고급30기\02_WNP\sample\0910프로그램\0910프로그램\0910프로그램.vcxproj" 프로젝트(Rebuild 대상)입니다.
     1>ClCompile:
         C:\Program Files\Microsoft Visual Studio 12.0\VC\bin\CL.exe /c /ZI /nologo /W3 /WX- /Od /Oy- /D WIN32 /D _DEBUG /D _WINDOWS /D _MBCS /Gm /EHsc /RTC1 /MDd /GS /fp:precise /Zc:wchar_t /Zc:forScope /Fo"Debug\\" /Fd"Debug\vc120.pdb" /Gd /TP /analyze- /errorReport:prompt handler.cpp start.cpp uifile.cpp uimsg.cpp wbfile.cpp wbmsg.cpp
         wbmsg.cpp
         wbfile.cpp
     1>d:\고급30기\02_wnp\sample\0910프로그램\0910프로그램\wbfile.cpp(81): warning C4996: 'strcpy': This function or variable may be unsafe. Consider using strcpy_s instead. To disable deprecation, use _CRT_SECURE_NO_WARNINGS. See online help for details.
                 c:\program files\microsoft visual studio 12.0\vc\include\string.h(112) : 'strcpy' 선언을 참조하십시오.
         uimsg.cpp
         uifile.cpp
     1>d:\고급30기\02_wnp\sample\0910프로그램\0910프로그램\uifile.cpp(38): warning C4996: 'strcpy': This function or variable may be unsafe. Consider using strcpy_s instead. To disable deprecation, use _CRT_SECURE_NO_WARNINGS. See online help for details.
                 c:\program files\microsoft visual studio 12.0\vc\include\string.h(112) : 'strcpy' 선언을 참조하십시오.
         start.cpp
         handler.cpp
         코드를 생성하고 있습니다...
       ResourceCompile:
         C:\Program Files\Windows Kits\8.1\bin\x86\rc.exe /l"0x0409" /nologo /fo"Debug\0910프로그램.res" "0910프로그램.rc" 
       Link:
         C:\Program Files\Microsoft Visual Studio 12.0\VC\bin\link.exe /ERRORREPORT:PROMPT /OUT:"D:\고급30기\02_WNP\sample\0910프로그램\Debug\0910프로그램.exe" /INCREMENTAL /NOLOGO kernel32.lib user32.lib gdi32.lib winspool.lib comdlg32.lib advapi32.lib shell32.lib ole32.lib oleaut32.lib uuid.lib odbc32.lib odbccp32.lib /MANIFEST /MANIFESTUAC:"level='asInvoker' uiAccess='false'" /manifest:embed /DEBUG /PDB:"D:\고급30기\02_WNP\sample\0910프로그램\Debug\0910프로그램.pdb" /SUBSYSTEM:WINDOWS /TLBID:1 /DYNAMICBASE /NXCOMPAT /IMPLIB:"D:\고급30기\02_WNP\sample\0910프로그램\Debug\0910프로그램.lib" /MACHINE:X86 "Debug\0910프로그램.res"
         Debug\handler.obj
         Debug\start.obj
         Debug\uifile.obj
         Debug\uimsg.obj
         Debug\wbfile.obj
         Debug\wbmsg.obj
         0910프로그램.vcxproj -> D:\고급30기\02_WNP\sample\0910프로그램\Debug\0910프로그램.exe
     1>"D:\고급30기\02_WNP\sample\0910프로그램\0910프로그램\0910프로그램.vcxproj" 프로젝트를 빌드했습니다(Rebuild 대상).

빌드했습니다.

경과 시간: 00:00:01.95
