d:\고급30기\01_api\sample\0830\0830\debug\vc120.pdb
d:\고급30기\01_api\sample\0830\0830\debug\vc120.idb
d:\고급30기\01_api\sample\0830\0830\debug\handler.obj
d:\고급30기\01_api\sample\0830\0830\debug\insertproc.obj
d:\고급30기\01_api\sample\0830\0830\debug\member.obj
d:\고급30기\01_api\sample\0830\0830\debug\start.obj
d:\고급30기\01_api\sample\0830\0830\debug\ui.obj
d:\고급30기\01_api\sample\0830\debug\0830.ilk
d:\고급30기\01_api\sample\0830\debug\0830.exe
d:\고급30기\01_api\sample\0830\debug\0830.pdb
d:\고급30기\01_api\sample\0830\0830\debug\0830.res
d:\고급30기\01_api\sample\0830\0830\debug\0830.tlog\cl.command.1.tlog
d:\고급30기\01_api\sample\0830\0830\debug\0830.tlog\cl.read.1.tlog
d:\고급30기\01_api\sample\0830\0830\debug\0830.tlog\cl.write.1.tlog
d:\고급30기\01_api\sample\0830\0830\debug\0830.tlog\link.command.1.tlog
d:\고급30기\01_api\sample\0830\0830\debug\0830.tlog\link.read.1.tlog
d:\고급30기\01_api\sample\0830\0830\debug\0830.tlog\link.write.1.tlog
d:\고급30기\01_api\sample\0830\0830\debug\0830.tlog\rc.command.1.tlog
d:\고급30기\01_api\sample\0830\0830\debug\0830.tlog\rc.read.1.tlog
d:\고급30기\01_api\sample\0830\0830\debug\0830.tlog\rc.write.1.tlog
