  handler.cpp
C:\Users\USER\source\repos\실습관리프로그램\실습관리프로그램\handler.cpp(50,7): error C2065:  'ID_FILE_EXIT': 선언되지 않은 식별자입니다.
C:\Users\USER\source\repos\실습관리프로그램\실습관리프로그램\handler.cpp(50,7): error C2131:  식이 상수로 계산되지 않았습니다.
C:\Users\USER\source\repos\실습관리프로그램\실습관리프로그램\handler.cpp(50,7): message :  상수가 아닌 식 또는 부분식이 있습니다.
C:\Users\USER\source\repos\실습관리프로그램\실습관리프로그램\handler.cpp(52,7): error C2065:  'ID_PROJECT_INSERT': 선언되지 않은 식별자입니다.
C:\Users\USER\source\repos\실습관리프로그램\실습관리프로그램\handler.cpp(52,7): error C2131:  식이 상수로 계산되지 않았습니다.
C:\Users\USER\source\repos\실습관리프로그램\실습관리프로그램\handler.cpp(52,7): message :  상수가 아닌 식 또는 부분식이 있습니다.
C:\Users\USER\source\repos\실습관리프로그램\실습관리프로그램\handler.cpp(50,1): error C2051:  case 식이 상수가 아닙니다.
  member.cpp
  start.cpp
C:\Users\USER\source\repos\실습관리프로그램\실습관리프로그램\handler.cpp(52,1): error C2051:  case 식이 상수가 아닙니다.
  ui.cpp
C:\Users\USER\source\repos\실습관리프로그램\실습관리프로그램\start.cpp(30,1): error C2065:  'IDD_DIALOG1': 선언되지 않은 식별자입니다.
C:\Users\USER\source\repos\실습관리프로그램\실습관리프로그램\ui.cpp(9,29): error C2065:  'IDC_LIST1': 선언되지 않은 식별자입니다.
C:\Users\USER\source\repos\실습관리프로그램\실습관리프로그램\ui.cpp(19,30): error C2440:  '=': 'const wchar_t [3]'에서 'LPWSTR'(으)로 변환할 수 없습니다.
C:\Users\USER\source\repos\실습관리프로그램\실습관리프로그램\ui.cpp(19,16): message :  문자열 리터럴로부터의 변환은 const 한정자가 손실됩니다(/Zc:strictStrings 참조).
C:\Users\USER\source\repos\실습관리프로그램\실습관리프로그램\ui.cpp(24,36): error C2440:  '=': 'const wchar_t [5]'에서 'LPWSTR'(으)로 변환할 수 없습니다.
C:\Users\USER\source\repos\실습관리프로그램\실습관리프로그램\ui.cpp(24,16): message :  문자열 리터럴로부터의 변환은 const 한정자가 손실됩니다(/Zc:strictStrings 참조).
C:\Users\USER\source\repos\실습관리프로그램\실습관리프로그램\ui.cpp(29,30): error C2440:  '=': 'const wchar_t [3]'에서 'LPWSTR'(으)로 변환할 수 없습니다.
C:\Users\USER\source\repos\실습관리프로그램\실습관리프로그램\ui.cpp(29,16): message :  문자열 리터럴로부터의 변환은 const 한정자가 손실됩니다(/Zc:strictStrings 참조).
C:\Users\USER\source\repos\실습관리프로그램\실습관리프로그램\ui.cpp(44,3): error C2065:  'IDD_DIALOG2': 선언되지 않은 식별자입니다.
  InsertProc.cpp
C:\Users\USER\source\repos\실습관리프로그램\실습관리프로그램\ui.cpp(58,22): error C2065:  'IDC_EDIT1': 선언되지 않은 식별자입니다.
C:\Users\USER\source\repos\실습관리프로그램\실습관리프로그램\InsertProc.cpp(16,32): error C2065:  'IDC_RADIO1': 선언되지 않은 식별자입니다.
C:\Users\USER\source\repos\실습관리프로그램\실습관리프로그램\InsertProc.cpp(17,32): error C2065:  'IDC_COMBO1': 선언되지 않은 식별자입니다.
C:\Users\USER\source\repos\실습관리프로그램\실습관리프로그램\InsertProc.cpp(34,25): error C2065:  'IDC_EDIT1': 선언되지 않은 식별자입니다.
C:\Users\USER\source\repos\실습관리프로그램\실습관리프로그램\InsertProc.cpp(35,25): error C2065:  'IDC_EDIT2': 선언되지 않은 식별자입니다.
C:\Users\USER\source\repos\실습관리프로그램\실습관리프로그램\InsertProc.cpp(37,23): error C3863:  배열 형식 'char [20]'은(는) 할당할 수 없습니다.
  코드를 생성하고 있습니다...
C:\Users\USER\source\repos\실습관리프로그램\실습관리프로그램\InsertProc.cpp(39,23): error C3863:  배열 형식 'char [20]'은(는) 할당할 수 없습니다.
