c:\users\sexy kimdonggyu\source\repos\0905 실습\0905 실습\debug\vc142.pdb
c:\users\sexy kimdonggyu\source\repos\0905 실습\0905 실습\debug\vc142.idb
c:\users\sexy kimdonggyu\source\repos\0905 실습\0905 실습\debug\wbclient.obj
c:\users\sexy kimdonggyu\source\repos\0905 실습\0905 실습\debug\uipaint.obj
c:\users\sexy kimdonggyu\source\repos\0905 실습\0905 실습\debug\uimsg.obj
c:\users\sexy kimdonggyu\source\repos\0905 실습\0905 실습\debug\start.obj
c:\users\sexy kimdonggyu\source\repos\0905 실습\0905 실습\debug\pakcet.obj
c:\users\sexy kimdonggyu\source\repos\0905 실습\0905 실습\debug\handler.obj
c:\users\sexy kimdonggyu\source\repos\0905 실습\0905 실습\debug\0905 실습.res
c:\users\sexy kimdonggyu\source\repos\0905 실습\debug\0905 실습.pdb
c:\users\sexy kimdonggyu\source\repos\0905 실습\0905 실습\debug\0905 실습.tlog\cl.command.1.tlog
c:\users\sexy kimdonggyu\source\repos\0905 실습\0905 실습\debug\0905 실습.tlog\cl.read.1.tlog
c:\users\sexy kimdonggyu\source\repos\0905 실습\0905 실습\debug\0905 실습.tlog\cl.write.1.tlog
c:\users\sexy kimdonggyu\source\repos\0905 실습\0905 실습\debug\0905 실습.tlog\link-cvtres.read.1.tlog
c:\users\sexy kimdonggyu\source\repos\0905 실습\0905 실습\debug\0905 실습.tlog\link-cvtres.write.1.tlog
c:\users\sexy kimdonggyu\source\repos\0905 실습\0905 실습\debug\0905 실습.tlog\link-rc.read.1.tlog
c:\users\sexy kimdonggyu\source\repos\0905 실습\0905 실습\debug\0905 실습.tlog\link-rc.write.1.tlog
c:\users\sexy kimdonggyu\source\repos\0905 실습\0905 실습\debug\0905 실습.tlog\link.command.1.tlog
c:\users\sexy kimdonggyu\source\repos\0905 실습\0905 실습\debug\0905 실습.tlog\link.read.1.tlog
c:\users\sexy kimdonggyu\source\repos\0905 실습\0905 실습\debug\0905 실습.tlog\link.write.1.tlog
c:\users\sexy kimdonggyu\source\repos\0905 실습\0905 실습\debug\0905 실습.tlog\rc.command.1.tlog
c:\users\sexy kimdonggyu\source\repos\0905 실습\0905 실습\debug\0905 실습.tlog\rc.read.1.tlog
c:\users\sexy kimdonggyu\source\repos\0905 실습\0905 실습\debug\0905 실습.tlog\rc.write.1.tlog
